2002.05.14 11:34 B H:\ArthurX_4May2002\Paintings.html --> www.thescars.com /www.arthurx.org Paintings.html
2002.05.14 11:40 B H:\ArthurX_4May2002\Index.html --> www.thescars.com /www.arthurx.org Index.html
2002.05.14 16:47 B H:\ArthurX_4May2002\Index_Goed.html <-- doteasy /www.arthurx.org Index_Goed.html
2002.05.14 16:48 B H:\ArthurX_4May2002\Index.html <-- doteasy /www.arthurx.org Index.html
2002.05.15 11:23 B H:\ArthurX_4May2002_Thescars.com\www.arthurx.org\Architecture.html --> www.thescars.com /www.arthurx.org Architecture.html
2002.05.15 11:23 B H:\ArthurX_4May2002_Thescars.com\www.arthurx.org\CastelloDiArthuro.html --> www.thescars.com /www.arthurx.org CastelloDiArthuro.html
2002.05.15 11:23 B H:\ArthurX_4May2002_Thescars.com\www.arthurx.org\Contact.html --> www.thescars.com /www.arthurx.org Contact.html
2002.05.15 11:23 B H:\ArthurX_4May2002_Thescars.com\www.arthurx.org\DoctorFish.html --> www.thescars.com /www.arthurx.org DoctorFish.html
2002.05.15 11:23 B H:\ArthurX_4May2002_Thescars.com\www.arthurx.org\Gigs.html --> www.thescars.com /www.arthurx.org Gigs.html
2002.05.15 11:23 B H:\ArthurX_4May2002_Thescars.com\www.arthurx.org\GroupieThisWeeks.html --> www.thescars.com /www.arthurx.org GroupieThisWeeks.html
2002.05.15 11:23 B H:\ArthurX_4May2002_Thescars.com\www.arthurx.org\Hooga.html --> www.thescars.com /www.arthurx.org Hooga.html
2002.05.15 11:23 B H:\ArthurX_4May2002_Thescars.com\www.arthurx.org\Index.html --> www.thescars.com /www.arthurx.org Index.html
2002.05.15 11:23 B H:\ArthurX_4May2002_Thescars.com\www.arthurx.org\Index_Goed.html --> www.thescars.com /www.arthurx.org Index_Goed.html
2002.05.15 11:23 B H:\ArthurX_4May2002_Thescars.com\www.arthurx.org\MoonLight.html --> www.thescars.com /www.arthurx.org MoonLight.html
2002.05.15 11:23 B H:\ArthurX_4May2002_Thescars.com\www.arthurx.org\Movie_Script.html --> www.thescars.com /www.arthurx.org Movie_Script.html
2002.05.15 11:23 B H:\ArthurX_4May2002_Thescars.com\www.arthurx.org\Navtor.swf --> www.thescars.com /www.arthurx.org Navtor.swf
2002.05.15 11:23 B H:\ArthurX_4May2002_Thescars.com\www.arthurx.org\Navtor_No_Frames.fla --> www.thescars.com /www.arthurx.org Navtor_No_Frames.fla
2002.05.15 11:24 B H:\ArthurX_4May2002_Thescars.com\www.arthurx.org\Navtor_No_Frames.swf --> www.thescars.com /www.arthurx.org Navtor_No_Frames.swf
2002.05.15 11:24 B H:\ArthurX_4May2002_Thescars.com\www.arthurx.org\OurPrinter.html --> www.thescars.com /www.arthurx.org OurPrinter.html
2002.05.15 11:24 B H:\ArthurX_4May2002_Thescars.com\www.arthurx.org\Paintings.html --> www.thescars.com /www.arthurx.org Paintings.html
2002.05.15 11:24 B H:\ArthurX_4May2002_Thescars.com\www.arthurx.org\Poems.html --> www.thescars.com /www.arthurx.org Poems.html
2002.05.15 11:24 B H:\ArthurX_4May2002_Thescars.com\www.arthurx.org\Random_Link_With_Text.html --> www.thescars.com /www.arthurx.org Random_Link_With_Text.html
2002.05.15 11:24 B H:\ArthurX_4May2002_Thescars.com\www.arthurx.org\Reactions.html --> www.thescars.com /www.arthurx.org Reactions.html
2002.05.15 11:24 B H:\ArthurX_4May2002_Thescars.com\www.arthurx.org\RosaNera.html --> www.thescars.com /www.arthurx.org RosaNera.html
2002.05.15 11:24 B H:\ArthurX_4May2002_Thescars.com\www.arthurx.org\RudeTonight.html --> www.thescars.com /www.arthurx.org RudeTonight.html
2002.05.15 11:24 B H:\ArthurX_4May2002_Thescars.com\www.arthurx.org\SignedPrints.html --> www.thescars.com /www.arthurx.org SignedPrints.html
2002.05.15 11:24 B H:\ArthurX_4May2002_Thescars.com\www.arthurx.org\Slogans.html --> www.thescars.com /www.arthurx.org Slogans.html
2002.05.15 11:24 B H:\ArthurX_4May2002_Thescars.com\www.arthurx.org\Story.html --> www.thescars.com /www.arthurx.org Story.html
2002.05.15 11:24 B H:\ArthurX_4May2002_Thescars.com\www.arthurx.org\StoryElizabeth.html --> www.thescars.com /www.arthurx.org StoryElizabeth.html
2002.05.15 11:24 B H:\ArthurX_4May2002_Thescars.com\www.arthurx.org\Test_Generate_random_SongFlash.html --> www.thescars.com /www.arthurx.org Test_Generate_random_SongFlash.html
2002.05.15 11:24 B H:\ArthurX_4May2002_Thescars.com\www.arthurx.org\test_redirect.html --> www.thescars.com /www.arthurx.org test_redirect.html
2002.05.15 11:24 B H:\ArthurX_4May2002_Thescars.com\www.arthurx.org\ThisWeeksGroupie.html --> www.thescars.com /www.arthurx.org ThisWeeksGroupie.html
2002.05.15 11:24 B H:\ArthurX_4May2002_Thescars.com\www.arthurx.org\Tulp.html --> www.thescars.com /www.arthurx.org Tulp.html
2002.05.15 11:24 B H:\ArthurX_4May2002_Thescars.com\www.arthurx.org\WaterPoortAdam.html --> www.thescars.com /www.arthurx.org WaterPoortAdam.html
2002.05.15 11:24 B H:\ArthurX_4May2002_Thescars.com\www.arthurx.org\Welcome.swf --> www.thescars.com /www.arthurx.org Welcome.swf
2002.05.15 11:40 B H:\ArthurX_4May2002_Thescars.com\www.arthurx.org\Paintings.html --> www.thescars.com /www.arthurx.org Paintings.html
2002.05.27 13:37 B H:\ArthurX_4May2002_Thescars.com\www.arthurx.org\Paintings.html --> www.thescars.com /www.arthurx.org Paintings.html
2002.05.27 13:37 B H:\ArthurX_4May2002_Thescars.com\www.arthurx.org\Paintings.html --> www.thescars.com /www.arthurx.org Paintings.html
2002.06.13 23:55 B H:\ArthurX_4May2002_Thescars.com\www.arthurx.org\Paintings.html --> www.thescars.com /www.arthurx.org Paintings.html
2002.06.13 23:56 B H:\ArthurX_4May2002_Thescars.com\www.arthurx.org\Paintings.html --> www.thescars.com /www.arthurx.org Paintings.html
2002.06.17 12:02 B H:\ArthurX_4May2002_Thescars.com\www.arthurx.org\Charcoal.html --> www.thescars.com /www.arthurx.org Charcoal.html
2002.06.17 12:03 B H:\ArthurX_4May2002_Thescars.com\www.arthurx.org\Random.html --> www.thescars.com /www.arthurx.org Random.html
2002.06.17 12:05 B H:\ArthurX_4May2002_Thescars.com\www.arthurx.org\Navtor.swf --> www.thescars.com /www.arthurx.org Navtor.swf
2002.06.22 22:34 B H:\ArthurX_4May2002_Thescars.com\www.arthurx.org\Charcoal.html --> www.thescars.com /www.arthurx.org Charcoal.html
2002.06.22 22:34 B H:\ArthurX_4May2002_Thescars.com\www.arthurx.org\Random.html --> www.thescars.com /www.arthurx.org Random.html
2002.06.30 00:54 B H:\ArthurX_4May2002_Thescars.com\www.arthurx.org\Paintings.html --> www.thescars.com /www.arthurx.org Paintings.html
2002.06.30 00:55 B H:\ArthurX_4May2002_Thescars.com\www.arthurx.org\Paintings.html --> www.thescars.com /www.arthurx.org Paintings.html
2002.07.03 11:25 B H:\ArthurX_4May2002_Thescars.com\www.arthurx.org\Index.html --> www.thescars.com /www.arthurx.org Index.html
2002.07.03 11:25 B H:\ArthurX_4May2002_Thescars.com\www.arthurx.org\Charcoal.html --> www.thescars.com /www.arthurx.org Charcoal.html
2002.07.24 20:15 B H:\ArthurX_4May2002_Thescars.com\www.arthurx.org\Paintings.html --> www.thescars.com /www.arthurx.org Paintings.html
2002.07.24 20:18 B H:\ArthurX_4May2002_Thescars.com\www.arthurx.org\Paintings.html --> www.thescars.com /www.arthurx.org Paintings.html
2002.08.23 11:36 B H:\ArthurX_4May2002_Thescars.com\www.arthurx.org\Contact_Old_23_8_02.html <-- doteasy /www.arthurx.org Contact_Old_23_8_02.html
2002.08.23 11:36 B H:\ArthurX_4May2002_Thescars.com\www.arthurx.org\Contact.html --> www.thescars.com /www.arthurx.org Contact.html
2002.08.23 13:54 B H:\ArthurX_4May2002_Thescars.com\www.arthurx.org\Charcoal.html --> ftp.portland.co.uk / Charcoal.html
2002.08.23 13:58 B H:\ArthurX_4May2002_Thescars.com\www.arthurx.org\Test_CGI.pl --> ftp.portland.co.uk /cgi-bin Test_CGI.pl
2002.08.23 14:17 B H:\ArthurX_4May2002_Thescars.com\www.arthurx.org\Test.cgi --> ftp.portland.co.uk /cgi-bin Test.cgi
2002.09.02 16:26 B H:\ArthurX_4May2002_Thescars.com\www.arthurx.org\Architecture_test.html --> www.thescars.com /www.arthurx.org Architecture_test.html
2002.09.02 16:27 B H:\ArthurX_4May2002_Thescars.com\www.arthurx.org\CastelloDiArthuro.html --> www.thescars.com /www.arthurx.org CastelloDiArthuro.html
2002.09.02 16:27 B H:\ArthurX_4May2002_Thescars.com\www.arthurx.org\Charcoal.html --> www.thescars.com /www.arthurx.org Charcoal.html
2002.09.02 16:27 B H:\ArthurX_4May2002_Thescars.com\www.arthurx.org\Contact.html --> www.thescars.com /www.arthurx.org Contact.html
2002.09.02 16:27 B H:\ArthurX_4May2002_Thescars.com\www.arthurx.org\Navtor.js --> www.thescars.com /www.arthurx.org Navtor.js
2002.09.02 16:28 B H:\ArthurX_4May2002_Thescars.com\www.arthurx.org\Navtor.swf --> www.thescars.com /www.arthurx.org Navtor.swf
2002.09.02 16:28 B H:\ArthurX_4May2002_Thescars.com\www.arthurx.org\DoctorFish.html --> www.thescars.com /www.arthurx.org DoctorFish.html
2002.09.02 16:30 B H:\ArthurX_4May2002_Thescars.com\www.arthurx.org\Include_Navtor.js --> www.thescars.com /www.arthurx.org Include_Navtor.js
