2001.02.27 23:05 B H:\Bizland\Architecture\Show4.html --> ftp.bizland.com /Architecture Show4.html
2001.02.27 23:05 B H:\Bizland\Architecture\Smallcastello-CanalFrontBlackSmall.jpg --> ftp.bizland.com /Architecture Smallcastello-CanalFrontBlackSmall.jpg
2001.02.27 23:06 B H:\Bizland\Architecture\Smalltop.jpg --> ftp.bizland.com /Architecture Smalltop.jpg
2001.02.27 23:06 B H:\Bizland\Architecture\SmallTulpFrontTwist.jpg --> ftp.bizland.com /Architecture SmallTulpFrontTwist.jpg
2001.02.27 23:06 B H:\Bizland\Architecture\SmallwaterpoortSchuin.jpg --> ftp.bizland.com /Architecture SmallwaterpoortSchuin.jpg
2001.02.27 23:06 B H:\Bizland\Architecture\spacer600time2.gif --> ftp.bizland.com /Architecture spacer600time2.gif
2001.02.27 23:06 B H:\Bizland\Architecture\TitleArchitecture.gif --> ftp.bizland.com /Architecture TitleArchitecture.gif
2001.09.11 14:21 B H:\50Megs22march2001Website\Architecture\Show4.html --> www.thescars.com /Architecture Show4.html
2001.09.11 14:21 B H:\50Megs22march2001Website\Architecture\SmallCastelloTitle.gif --> www.thescars.com /Architecture SmallCastelloTitle.gif
2001.09.11 14:22 B H:\50Megs22march2001Website\Architecture\SmallThreeTulipOfficeTower.gif --> www.thescars.com /Architecture SmallThreeTulipOfficeTower.gif
2001.09.11 14:22 B H:\50Megs22march2001Website\Architecture\SmallTitleRosaNera.gif --> www.thescars.com /Architecture SmallTitleRosaNera.gif
2001.09.11 14:22 B H:\50Megs22march2001Website\Architecture\SmallWaterPoortAdam.gif --> www.thescars.com /Architecture SmallWaterPoortAdam.gif
2002.05.15 11:38 B H:\ArthurX_4May2002_Thescars.com\www.arthurx.org\Architecture\Show4.html --> www.thescars.com /www.arthurx.org/Architecture Show4.html
2002.05.15 11:38 B H:\ArthurX_4May2002_Thescars.com\www.arthurx.org\Architecture\Smallcastello-CanalFrontBlackSmall.jpg --> www.thescars.com /www.arthurx.org/Architecture Smallcastello-CanalFrontBlackSmall.jpg
2002.05.15 11:38 B H:\ArthurX_4May2002_Thescars.com\www.arthurx.org\Architecture\SmallCastelloTitle.gif --> www.thescars.com /www.arthurx.org/Architecture SmallCastelloTitle.gif
2002.05.15 11:38 B H:\ArthurX_4May2002_Thescars.com\www.arthurx.org\Architecture\SmallThreeTulipOfficeTower.gif --> www.thescars.com /www.arthurx.org/Architecture SmallThreeTulipOfficeTower.gif
2002.05.15 11:38 B H:\ArthurX_4May2002_Thescars.com\www.arthurx.org\Architecture\SmallTitleRosaNera.gif --> www.thescars.com /www.arthurx.org/Architecture SmallTitleRosaNera.gif
2002.05.15 11:38 B H:\ArthurX_4May2002_Thescars.com\www.arthurx.org\Architecture\Smalltop.jpg --> www.thescars.com /www.arthurx.org/Architecture Smalltop.jpg
2002.05.15 11:38 B H:\ArthurX_4May2002_Thescars.com\www.arthurx.org\Architecture\SmallTulpFrontTwist.jpg --> www.thescars.com /www.arthurx.org/Architecture SmallTulpFrontTwist.jpg
2002.05.15 11:38 B H:\ArthurX_4May2002_Thescars.com\www.arthurx.org\Architecture\SmallWaterPoortAdam.gif --> www.thescars.com /www.arthurx.org/Architecture SmallWaterPoortAdam.gif
2002.05.15 11:38 B H:\ArthurX_4May2002_Thescars.com\www.arthurx.org\Architecture\SmallwaterpoortSchuin.jpg --> www.thescars.com /www.arthurx.org/Architecture SmallwaterpoortSchuin.jpg
2002.05.15 11:38 B H:\ArthurX_4May2002_Thescars.com\www.arthurx.org\Architecture\spacer600time2.gif --> www.thescars.com /www.arthurx.org/Architecture spacer600time2.gif
2002.05.15 11:38 B H:\ArthurX_4May2002_Thescars.com\www.arthurx.org\Architecture\TitleArchitecture.gif --> www.thescars.com /www.arthurx.org/Architecture TitleArchitecture.gif
2002.05.15 11:38 B H:\ArthurX_4May2002_Thescars.com\www.arthurx.org\Architecture\WS_FTP.LOG --> www.thescars.com /www.arthurx.org/Architecture WS_FTP.LOG
