2001.01.16 15:53 B H:\Bizland\Paintings\Architecture\Zwartemadonna\FrontTitle.gif --> ftp.bizland.com /Paintings/Architecture/Zwartemadonna FrontTitle.gif
2001.01.16 15:54 B H:\Bizland\Paintings\Architecture\Zwartemadonna\Gevel300.gif --> ftp.bizland.com /Paintings/Architecture/Zwartemadonna Gevel300.gif
2001.01.16 15:54 B H:\Bizland\Paintings\Architecture\Zwartemadonna\GevelKlein.gif --> ftp.bizland.com /Paintings/Architecture/Zwartemadonna GevelKlein.gif
2001.01.16 15:54 B H:\Bizland\Paintings\Architecture\Zwartemadonna\GevelTitle.gif --> ftp.bizland.com /Paintings/Architecture/Zwartemadonna GevelTitle.gif
2001.01.16 15:54 B H:\Bizland\Paintings\Architecture\Zwartemadonna\RosaNera.html --> ftp.bizland.com /Paintings/Architecture/Zwartemadonna RosaNera.html
2001.01.16 15:54 B H:\Bizland\Paintings\Architecture\Zwartemadonna\RosaNeraEmail.html --> ftp.bizland.com /Paintings/Architecture/Zwartemadonna RosaNeraEmail.html
2001.01.16 15:54 B H:\Bizland\Paintings\Architecture\Zwartemadonna\RosaNeraEmailAalderliestenMAB.html --> ftp.bizland.com /Paintings/Architecture/Zwartemadonna RosaNeraEmailAalderliestenMAB.html
2001.01.16 15:55 B H:\Bizland\Paintings\Architecture\Zwartemadonna\SixTowersSide.jpg --> ftp.bizland.com /Paintings/Architecture/Zwartemadonna SixTowersSide.jpg
2001.01.16 15:55 B H:\Bizland\Paintings\Architecture\Zwartemadonna\SixTowersTitle.gif --> ftp.bizland.com /Paintings/Architecture/Zwartemadonna SixTowersTitle.gif
2001.01.16 15:55 B H:\Bizland\Paintings\Architecture\Zwartemadonna\spacer600time2.gif --> ftp.bizland.com /Paintings/Architecture/Zwartemadonna spacer600time2.gif
2001.01.16 15:55 B H:\Bizland\Paintings\Architecture\Zwartemadonna\TitleArchitecture.gif --> ftp.bizland.com /Paintings/Architecture/Zwartemadonna TitleArchitecture.gif
2001.01.16 15:55 B H:\Bizland\Paintings\Architecture\Zwartemadonna\TitleRosaNera.gif --> ftp.bizland.com /Paintings/Architecture/Zwartemadonna TitleRosaNera.gif
2001.01.16 15:55 B H:\Bizland\Paintings\Architecture\Zwartemadonna\top.jpg --> ftp.bizland.com /Paintings/Architecture/Zwartemadonna top.jpg
2001.01.16 15:55 B H:\Bizland\Paintings\Architecture\Zwartemadonna\toptitle.gif --> ftp.bizland.com /Paintings/Architecture/Zwartemadonna toptitle.gif
2001.01.16 15:55 B H:\Bizland\Paintings\Architecture\Zwartemadonna\TwistedTop.jpg --> ftp.bizland.com /Paintings/Architecture/Zwartemadonna TwistedTop.jpg
2001.01.16 15:55 B H:\Bizland\Paintings\Architecture\Zwartemadonna\TwistedToptitle.gif --> ftp.bizland.com /Paintings/Architecture/Zwartemadonna TwistedToptitle.gif
2001.01.16 15:55 B H:\Bizland\Paintings\Architecture\Zwartemadonna\twistwedFront.jpg --> ftp.bizland.com /Paintings/Architecture/Zwartemadonna twistwedFront.jpg
2001.01.16 15:55 B H:\Bizland\Paintings\Architecture\Zwartemadonna\wireFrameFront.pg.jpg --> ftp.bizland.com /Paintings/Architecture/Zwartemadonna wireFrameFront.pg.jpg
2001.01.16 15:55 B H:\Bizland\Paintings\Architecture\Zwartemadonna\wireFrameFront00000000.jpg --> ftp.bizland.com /Paintings/Architecture/Zwartemadonna wireFrameFront00000000.jpg
2001.01.16 15:56 B H:\Bizland\Paintings\Architecture\Zwartemadonna\wireFrameFront000000000000.jpg --> ftp.bizland.com /Paintings/Architecture/Zwartemadonna wireFrameFront000000000000.jpg
2001.01.16 15:56 B H:\Bizland\Paintings\Architecture\Zwartemadonna\wireFrameFront000000000001.jpg --> ftp.bizland.com /Paintings/Architecture/Zwartemadonna wireFrameFront000000000001.jpg
2001.01.16 15:56 B H:\Bizland\Paintings\Architecture\Zwartemadonna\ZwarteMadonna.html --> ftp.bizland.com /Paintings/Architecture/Zwartemadonna ZwarteMadonna.html
2001.01.18 13:59 B H:\Bizland\Paintings\Architecture\Zwartemadonna\RosaNeraEmailAalderliestenMAB.html --> ftp.bizland.com /Paintings/Architecture/Zwartemadonna RosaNeraEmailAalderliestenMAB.html
2001.01.18 14:02 B H:\Bizland\Paintings\Architecture\Zwartemadonna\RosaNeraEmailAalderliestenMAB.html --> ftp.bizland.com /Paintings/Architecture/Zwartemadonna RosaNeraEmailAalderliestenMAB.html
2001.01.28 18:16 B H:\Bizland\Architecture\RosaNera\FrontTitle.gif --> ftp.bizland.com /Architecture/RosaNera FrontTitle.gif
2001.01.28 18:17 B H:\Bizland\Architecture\RosaNera\Gevel300.gif --> ftp.bizland.com /Architecture/RosaNera Gevel300.gif
2001.01.28 18:17 B H:\Bizland\Architecture\RosaNera\GevelKlein.gif --> ftp.bizland.com /Architecture/RosaNera GevelKlein.gif
2001.01.28 18:17 B H:\Bizland\Architecture\RosaNera\GevelTitle.gif --> ftp.bizland.com /Architecture/RosaNera GevelTitle.gif
2001.01.28 18:17 B H:\Bizland\Architecture\RosaNera\RosaNera.html --> ftp.bizland.com /Architecture/RosaNera RosaNera.html
2001.01.28 18:17 B H:\Bizland\Architecture\RosaNera\RosaNeraEmail.html --> ftp.bizland.com /Architecture/RosaNera RosaNeraEmail.html
2001.01.28 18:17 B H:\Bizland\Architecture\RosaNera\RosaNeraEmailAalderliestenMAB.html --> ftp.bizland.com /Architecture/RosaNera RosaNeraEmailAalderliestenMAB.html
2001.01.28 18:17 B H:\Bizland\Architecture\RosaNera\RosaNeraEmailAalderliestenMABlink.html --> ftp.bizland.com /Architecture/RosaNera RosaNeraEmailAalderliestenMABlink.html
2001.01.28 18:17 B H:\Bizland\Architecture\RosaNera\RosaNeraEmailHeelhorstwethouderDenHaag.html --> ftp.bizland.com /Architecture/RosaNera RosaNeraEmailHeelhorstwethouderDenHaag.html
2001.01.28 18:17 B H:\Bizland\Architecture\RosaNera\SixTowersSide.jpg --> ftp.bizland.com /Architecture/RosaNera SixTowersSide.jpg
2001.01.28 18:18 B H:\Bizland\Architecture\RosaNera\SixTowersTitle.gif --> ftp.bizland.com /Architecture/RosaNera SixTowersTitle.gif
2001.01.28 18:18 B H:\Bizland\Architecture\RosaNera\spacer600time2.gif --> ftp.bizland.com /Architecture/RosaNera spacer600time2.gif
2001.01.28 18:18 B H:\Bizland\Architecture\RosaNera\test.html --> ftp.bizland.com /Architecture/RosaNera test.html
2001.01.28 18:18 B H:\Bizland\Architecture\RosaNera\TitleArchitecture.gif --> ftp.bizland.com /Architecture/RosaNera TitleArchitecture.gif
2001.01.28 18:18 B H:\Bizland\Architecture\RosaNera\TitleRosaNera.gif --> ftp.bizland.com /Architecture/RosaNera TitleRosaNera.gif
2001.01.28 18:18 B H:\Bizland\Architecture\RosaNera\top.jpg --> ftp.bizland.com /Architecture/RosaNera top.jpg
2001.01.28 18:18 B H:\Bizland\Architecture\RosaNera\toptitle.gif --> ftp.bizland.com /Architecture/RosaNera toptitle.gif
2001.01.28 18:18 B H:\Bizland\Architecture\RosaNera\TwistedTop.jpg --> ftp.bizland.com /Architecture/RosaNera TwistedTop.jpg
2001.01.28 18:18 B H:\Bizland\Architecture\RosaNera\TwistedToptitle.gif --> ftp.bizland.com /Architecture/RosaNera TwistedToptitle.gif
2001.01.28 18:18 B H:\Bizland\Architecture\RosaNera\twistwedFront.jpg --> ftp.bizland.com /Architecture/RosaNera twistwedFront.jpg
2001.01.28 18:18 B H:\Bizland\Architecture\RosaNera\wireFrameFront.pg.jpg --> ftp.bizland.com /Architecture/RosaNera wireFrameFront.pg.jpg
2001.01.28 18:18 B H:\Bizland\Architecture\RosaNera\wireFrameFront00000000.jpg --> ftp.bizland.com /Architecture/RosaNera wireFrameFront00000000.jpg
2001.01.28 18:18 B H:\Bizland\Architecture\RosaNera\wireFrameFront000000000000.jpg --> ftp.bizland.com /Architecture/RosaNera wireFrameFront000000000000.jpg
2001.01.28 18:19 B H:\Bizland\Architecture\RosaNera\wireFrameFront000000000001.jpg --> ftp.bizland.com /Architecture/RosaNera wireFrameFront000000000001.jpg
2001.01.28 18:19 B H:\Bizland\Architecture\RosaNera\WS_FTP.LOG --> ftp.bizland.com /Architecture/RosaNera WS_FTP.LOG
2001.01.28 18:19 B H:\Bizland\Architecture\RosaNera\ZwarteMadonna.html --> ftp.bizland.com /Architecture/RosaNera ZwarteMadonna.html
2002.05.15 11:35 B H:\ArthurX_4May2002_Thescars.com\www.arthurx.org\Architecture\RosaNera\FrontTitle.gif --> www.thescars.com /www.arthurx.org/Architecture/RosaNera FrontTitle.gif
2002.05.15 11:35 B H:\ArthurX_4May2002_Thescars.com\www.arthurx.org\Architecture\RosaNera\GevelKlein.gif --> www.thescars.com /www.arthurx.org/Architecture/RosaNera GevelKlein.gif
2002.05.15 11:35 B H:\ArthurX_4May2002_Thescars.com\www.arthurx.org\Architecture\RosaNera\GevelTitle.gif --> www.thescars.com /www.arthurx.org/Architecture/RosaNera GevelTitle.gif
2002.05.15 11:35 B H:\ArthurX_4May2002_Thescars.com\www.arthurx.org\Architecture\RosaNera\RosaNera.html --> www.thescars.com /www.arthurx.org/Architecture/RosaNera RosaNera.html
2002.05.15 11:35 B H:\ArthurX_4May2002_Thescars.com\www.arthurx.org\Architecture\RosaNera\RosaNeraEmail.html --> www.thescars.com /www.arthurx.org/Architecture/RosaNera RosaNeraEmail.html
2002.05.15 11:35 B H:\ArthurX_4May2002_Thescars.com\www.arthurx.org\Architecture\RosaNera\RosaNeraEmailAalderliestenMAB.html --> www.thescars.com /www.arthurx.org/Architecture/RosaNera RosaNeraEmailAalderliestenMAB.html
2002.05.15 11:35 B H:\ArthurX_4May2002_Thescars.com\www.arthurx.org\Architecture\RosaNera\RosaNeraEmailAalderliestenMABlink.html --> www.thescars.com /www.arthurx.org/Architecture/RosaNera RosaNeraEmailAalderliestenMABlink.html
2002.05.15 11:35 B H:\ArthurX_4May2002_Thescars.com\www.arthurx.org\Architecture\RosaNera\RosaNeraEmailHeelhorstwethouderDenHaag.html --> www.thescars.com /www.arthurx.org/Architecture/RosaNera RosaNeraEmailHeelhorstwethouderDenHaag.html
2002.05.15 11:35 B H:\ArthurX_4May2002_Thescars.com\www.arthurx.org\Architecture\RosaNera\SixTowersSide.jpg --> www.thescars.com /www.arthurx.org/Architecture/RosaNera SixTowersSide.jpg
2002.05.15 11:35 B H:\ArthurX_4May2002_Thescars.com\www.arthurx.org\Architecture\RosaNera\SixTowersTitle.gif --> www.thescars.com /www.arthurx.org/Architecture/RosaNera SixTowersTitle.gif
2002.05.15 11:35 B H:\ArthurX_4May2002_Thescars.com\www.arthurx.org\Architecture\RosaNera\spacer600time2.gif --> www.thescars.com /www.arthurx.org/Architecture/RosaNera spacer600time2.gif
2002.05.15 11:35 B H:\ArthurX_4May2002_Thescars.com\www.arthurx.org\Architecture\RosaNera\test.html --> www.thescars.com /www.arthurx.org/Architecture/RosaNera test.html
2002.05.15 11:35 B H:\ArthurX_4May2002_Thescars.com\www.arthurx.org\Architecture\RosaNera\TitleArchitecture.gif --> www.thescars.com /www.arthurx.org/Architecture/RosaNera TitleArchitecture.gif
2002.05.15 11:35 B H:\ArthurX_4May2002_Thescars.com\www.arthurx.org\Architecture\RosaNera\TitleRosaNera.gif --> www.thescars.com /www.arthurx.org/Architecture/RosaNera TitleRosaNera.gif
2002.05.15 11:35 B H:\ArthurX_4May2002_Thescars.com\www.arthurx.org\Architecture\RosaNera\top.jpg --> www.thescars.com /www.arthurx.org/Architecture/RosaNera top.jpg
2002.05.15 11:36 B H:\ArthurX_4May2002_Thescars.com\www.arthurx.org\Architecture\RosaNera\toptitle.gif --> www.thescars.com /www.arthurx.org/Architecture/RosaNera toptitle.gif
2002.05.15 11:36 B H:\ArthurX_4May2002_Thescars.com\www.arthurx.org\Architecture\RosaNera\TwistedTop.jpg --> www.thescars.com /www.arthurx.org/Architecture/RosaNera TwistedTop.jpg
2002.05.15 11:36 B H:\ArthurX_4May2002_Thescars.com\www.arthurx.org\Architecture\RosaNera\TwistedToptitle.gif --> www.thescars.com /www.arthurx.org/Architecture/RosaNera TwistedToptitle.gif
2002.05.15 11:36 B H:\ArthurX_4May2002_Thescars.com\www.arthurx.org\Architecture\RosaNera\twistwedFront.jpg --> www.thescars.com /www.arthurx.org/Architecture/RosaNera twistwedFront.jpg
2002.05.15 11:36 B H:\ArthurX_4May2002_Thescars.com\www.arthurx.org\Architecture\RosaNera\wireFrameFront.pg.jpg --> www.thescars.com /www.arthurx.org/Architecture/RosaNera wireFrameFront.pg.jpg
2002.05.15 11:36 B H:\ArthurX_4May2002_Thescars.com\www.arthurx.org\Architecture\RosaNera\wireFrameFront00000000.jpg --> www.thescars.com /www.arthurx.org/Architecture/RosaNera wireFrameFront00000000.jpg
2002.05.15 11:36 B H:\ArthurX_4May2002_Thescars.com\www.arthurx.org\Architecture\RosaNera\wireFrameFront000000000000.jpg --> www.thescars.com /www.arthurx.org/Architecture/RosaNera wireFrameFront000000000000.jpg
2002.05.15 11:36 B H:\ArthurX_4May2002_Thescars.com\www.arthurx.org\Architecture\RosaNera\wireFrameFront000000000001.jpg --> www.thescars.com /www.arthurx.org/Architecture/RosaNera wireFrameFront000000000001.jpg
2002.05.15 11:36 B H:\ArthurX_4May2002_Thescars.com\www.arthurx.org\Architecture\RosaNera\WS_FTP.LOG --> www.thescars.com /www.arthurx.org/Architecture/RosaNera WS_FTP.LOG
2002.05.15 11:36 B H:\ArthurX_4May2002_Thescars.com\www.arthurx.org\Architecture\RosaNera\ZwarteMadonna.html --> www.thescars.com /www.arthurx.org/Architecture/RosaNera ZwarteMadonna.html
