2002.09.02 16:34 B H:\ArthurX_4May2002_Thescars.com\www.arthurx.org\Shop\Arc_Color.gif --> www.thescars.com /www.arthurx.org Arc_Color.gif
2002.09.02 16:34 B H:\ArthurX_4May2002_Thescars.com\www.arthurx.org\Shop\Love_Peace_Flesh.gif --> www.thescars.com /www.arthurx.org Love_Peace_Flesh.gif
2002.09.02 16:34 B H:\ArthurX_4May2002_Thescars.com\www.arthurx.org\Shop\Form.html --> www.thescars.com /www.arthurx.org Form.html
2002.09.02 16:34 B H:\ArthurX_4May2002_Thescars.com\www.arthurx.org\Shop\Arc_Color.gif --> www.thescars.com /www.arthurx.org/Shop Arc_Color.gif
2002.09.02 16:34 B H:\ArthurX_4May2002_Thescars.com\www.arthurx.org\Shop\Love_Peace_Flesh.gif --> www.thescars.com /www.arthurx.org/Shop Love_Peace_Flesh.gif
2002.09.02 16:34 B H:\ArthurX_4May2002_Thescars.com\www.arthurx.org\Shop\Form.html --> www.thescars.com /www.arthurx.org/Shop Form.html
2002.09.02 16:34 B H:\ArthurX_4May2002_Thescars.com\www.arthurx.org\Shop\Form2.html --> www.thescars.com /www.arthurx.org/Shop Form2.html
2002.09.02 16:34 B H:\ArthurX_4May2002_Thescars.com\www.arthurx.org\Shop\Form3.html --> www.thescars.com /www.arthurx.org/Shop Form3.html
2002.09.02 16:35 B H:\ArthurX_4May2002_Thescars.com\www.arthurx.org\Shop\Form_over_email+Web.html --> www.thescars.com /www.arthurx.org/Shop Form_over_email+Web.html
2002.09.02 16:35 B H:\ArthurX_4May2002_Thescars.com\www.arthurx.org\Shop\Form_over_email.html --> www.thescars.com /www.arthurx.org/Shop Form_over_email.html
2002.09.02 16:35 B H:\ArthurX_4May2002_Thescars.com\www.arthurx.org\Shop\Shop.html --> www.thescars.com /www.arthurx.org/Shop Shop.html
2002.09.02 16:35 B H:\ArthurX_4May2002_Thescars.com\www.arthurx.org\Shop\~1st-Form2.html --> www.thescars.com /www.arthurx.org/Shop ~1st-Form2.html
2002.09.02 16:35 B H:\ArthurX_4May2002_Thescars.com\www.arthurx.org\Shop\~1st-Form3.html --> www.thescars.com /www.arthurx.org/Shop ~1st-Form3.html
2002.09.02 16:35 B H:\ArthurX_4May2002_Thescars.com\www.arthurx.org\Shop\~1st-Form_over_email+Web.html --> www.thescars.com /www.arthurx.org/Shop ~1st-Form_over_email+Web.html
2002.09.02 16:35 B H:\ArthurX_4May2002_Thescars.com\www.arthurx.org\Shop\BubbleWomaDance.jpg --> www.thescars.com /www.arthurx.org/Shop BubbleWomaDance.jpg
2002.09.02 16:35 B H:\ArthurX_4May2002_Thescars.com\www.arthurx.org\Shop\mailto.js --> www.thescars.com /www.arthurx.org/Shop mailto.js
2002.09.02 16:35 B H:\ArthurX_4May2002_Thescars.com\www.arthurx.org\Shop\WS_FTP.LOG --> www.thescars.com /www.arthurx.org/Shop WS_FTP.LOG
2002.09.02 16:35 B H:\ArthurX_4May2002_Thescars.com\www.arthurx.org\Shop\Babs.png --> www.thescars.com /www.arthurx.org/Shop Babs.png
2002.09.02 16:35 B H:\ArthurX_4May2002_Thescars.com\www.arthurx.org\Shop\CD.png --> www.thescars.com /www.arthurx.org/Shop CD.png
2002.09.02 16:35 B H:\ArthurX_4May2002_Thescars.com\www.arthurx.org\Shop\DownOnMyKnees.png --> www.thescars.com /www.arthurx.org/Shop DownOnMyKnees.png
2002.09.02 16:35 B H:\ArthurX_4May2002_Thescars.com\www.arthurx.org\Shop\duoHalfReolution.png --> www.thescars.com /www.arthurx.org/Shop duoHalfReolution.png
2002.09.02 16:35 B H:\ArthurX_4May2002_Thescars.com\www.arthurx.org\Shop\EASYNIGHTCLEANHalfResolution.png --> www.thescars.com /www.arthurx.org/Shop EASYNIGHTCLEANHalfResolution.png
2002.09.02 16:35 B H:\ArthurX_4May2002_Thescars.com\www.arthurx.org\Shop\JapaneseWoman.png --> www.thescars.com /www.arthurx.org/Shop JapaneseWoman.png
2002.09.02 16:35 B H:\ArthurX_4May2002_Thescars.com\www.arthurx.org\Shop\Litho.png --> www.thescars.com /www.arthurx.org/Shop Litho.png
2002.09.02 16:35 B H:\ArthurX_4May2002_Thescars.com\www.arthurx.org\Shop\MyOldRolls.png --> www.thescars.com /www.arthurx.org/Shop MyOldRolls.png
2002.09.02 16:35 B H:\ArthurX_4May2002_Thescars.com\www.arthurx.org\Shop\SamSleeps.png --> www.thescars.com /www.arthurx.org/Shop SamSleeps.png
2002.09.02 16:35 B H:\ArthurX_4May2002_Thescars.com\www.arthurx.org\Shop\ScreenPrints.png --> www.thescars.com /www.arthurx.org/Shop ScreenPrints.png
2002.09.02 16:35 B H:\ArthurX_4May2002_Thescars.com\www.arthurx.org\Shop\SelfPortrait.png --> www.thescars.com /www.arthurx.org/Shop SelfPortrait.png
2002.09.02 16:35 B H:\ArthurX_4May2002_Thescars.com\www.arthurx.org\Shop\WebShop.png --> www.thescars.com /www.arthurx.org/Shop WebShop.png
2002.09.02 16:35 B H:\ArthurX_4May2002_Thescars.com\www.arthurx.org\Shop\YourDetails.png --> www.thescars.com /www.arthurx.org/Shop YourDetails.png
2002.09.02 16:35 B H:\ArthurX_4May2002_Thescars.com\www.arthurx.org\Shop\CD.psp --> www.thescars.com /www.arthurx.org/Shop CD.psp
2002.09.02 16:35 B H:\ArthurX_4May2002_Thescars.com\www.arthurx.org\Shop\Litho.psp --> www.thescars.com /www.arthurx.org/Shop Litho.psp
2002.09.02 16:35 B H:\ArthurX_4May2002_Thescars.com\www.arthurx.org\Shop\ScreenPrints.psp --> www.thescars.com /www.arthurx.org/Shop ScreenPrints.psp
2002.09.02 16:35 B H:\ArthurX_4May2002_Thescars.com\www.arthurx.org\Shop\WebShop.psp --> www.thescars.com /www.arthurx.org/Shop WebShop.psp
2002.09.02 16:36 B H:\ArthurX_4May2002_Thescars.com\www.arthurx.org\Shop\YourDetails.psp --> www.thescars.com /www.arthurx.org/Shop YourDetails.psp
2002.09.02 22:44 B H:\ArthurX_4May2002_Thescars.com\www.arthurx.org\Shop\Shop.html <-- doteasy /www.arthurx.org/Shop Shop.html
2002.09.02 22:59 B H:\ArthurX_4May2002_Thescars.com\www.arthurx.org\Shop\Shop.html <-- doteasy /www.arthurx.org/Shop Shop.html
2002.09.02 22:59 B H:\ArthurX_4May2002_Thescars.com\www.arthurx.org\Shop\mailto.js <-- doteasy /www.arthurx.org/Shop mailto.js
