2000.12.10 19:46 B H:\Bizland\Paintings\SignedPrints\all.gif --> ftp.bizland.com /Paintings/SignedPrints all.gif
2000.12.10 19:46 B H:\Bizland\Paintings\SignedPrints\Babs.gif --> ftp.bizland.com /Paintings/SignedPrints Babs.gif
2000.12.10 19:46 B H:\Bizland\Paintings\SignedPrints\BabsText.gif --> ftp.bizland.com /Paintings/SignedPrints BabsText.gif
2000.12.10 19:46 B H:\Bizland\Paintings\SignedPrints\DownOnMyKnees.gif --> ftp.bizland.com /Paintings/SignedPrints DownOnMyKnees.gif
2000.12.10 19:46 B H:\Bizland\Paintings\SignedPrints\DownOnMyKneesText.gif --> ftp.bizland.com /Paintings/SignedPrints DownOnMyKneesText.gif
2000.12.10 19:46 B H:\Bizland\Paintings\SignedPrints\DownOnMyKneesText2.gif --> ftp.bizland.com /Paintings/SignedPrints DownOnMyKneesText2.gif
2000.12.10 19:46 B H:\Bizland\Paintings\SignedPrints\duoHalfReolution.gif --> ftp.bizland.com /Paintings/SignedPrints duoHalfReolution.gif
2000.12.10 19:46 B H:\Bizland\Paintings\SignedPrints\EasyNight.psp --> ftp.bizland.com /Paintings/SignedPrints EasyNight.psp
2000.12.10 19:46 B H:\Bizland\Paintings\SignedPrints\EASYNIGHTCLEANHalfResolution.gif --> ftp.bizland.com /Paintings/SignedPrints EASYNIGHTCLEANHalfResolution.gif
2000.12.10 19:46 B H:\Bizland\Paintings\SignedPrints\EASYNIGHTText.gif --> ftp.bizland.com /Paintings/SignedPrints EASYNIGHTText.gif
2000.12.10 19:47 B H:\Bizland\Paintings\SignedPrints\JapaneseWoman.gif --> ftp.bizland.com /Paintings/SignedPrints JapaneseWoman.gif
2000.12.10 19:47 B H:\Bizland\Paintings\SignedPrints\JapaneseWomanText.gif --> ftp.bizland.com /Paintings/SignedPrints JapaneseWomanText.gif
2000.12.10 19:47 B H:\Bizland\Paintings\SignedPrints\mixed all.cdr --> ftp.bizland.com /Paintings/SignedPrints mixed all.cdr
2000.12.10 19:47 B H:\Bizland\Paintings\SignedPrints\MyOldRolls.gif --> ftp.bizland.com /Paintings/SignedPrints MyOldRolls.gif
2000.12.10 19:47 B H:\Bizland\Paintings\SignedPrints\MyOldRollsText.gif --> ftp.bizland.com /Paintings/SignedPrints MyOldRollsText.gif
2000.12.10 19:47 B H:\Bizland\Paintings\SignedPrints\SamSleeps.gif --> ftp.bizland.com /Paintings/SignedPrints SamSleeps.gif
2000.12.10 19:48 B H:\Bizland\Paintings\SignedPrints\SamSleepsText.gif --> ftp.bizland.com /Paintings/SignedPrints SamSleepsText.gif
2000.12.10 19:48 B H:\Bizland\Paintings\SignedPrints\SelfPortrait.gif --> ftp.bizland.com /Paintings/SignedPrints SelfPortrait.gif
2000.12.10 19:48 B H:\Bizland\Paintings\SignedPrints\SelfPortraittext.gif --> ftp.bizland.com /Paintings/SignedPrints SelfPortraittext.gif
2000.12.10 19:48 B H:\Bizland\Paintings\SignedPrints\SexIsBlind.gif --> ftp.bizland.com /Paintings/SignedPrints SexIsBlind.gif
2000.12.10 19:48 B H:\Bizland\Paintings\SignedPrints\SignedPrints.html --> ftp.bizland.com /Paintings/SignedPrints SignedPrints.html
2000.12.10 19:48 B H:\Bizland\Paintings\SignedPrints\title.gif --> ftp.bizland.com /Paintings/SignedPrints title.gif
