2002.05.15 11:26 B H:\ArthurX_4May2002_Thescars.com\www.arthurx.org\SongText\GonnaGetIt.html --> www.thescars.com /www.arthurx.org/SongText GonnaGetIt.html
2002.05.15 11:26 B H:\ArthurX_4May2002_Thescars.com\www.arthurx.org\SongText\SongIndex.html --> www.thescars.com /www.arthurx.org/SongText SongIndex.html
2002.05.15 11:26 B H:\ArthurX_4May2002_Thescars.com\www.arthurx.org\SongText\SongTextFrame.html --> www.thescars.com /www.arthurx.org/SongText SongTextFrame.html
2002.05.15 11:26 B H:\ArthurX_4May2002_Thescars.com\www.arthurx.org\SongText\Test.html --> www.thescars.com /www.arthurx.org/SongText Test.html
2002.05.15 11:26 B H:\ArthurX_4May2002_Thescars.com\www.arthurx.org\SongText\TextAppDoor.html --> www.thescars.com /www.arthurx.org/SongText TextAppDoor.html
2002.05.15 11:26 B H:\ArthurX_4May2002_Thescars.com\www.arthurx.org\SongText\TextBBB.html --> www.thescars.com /www.arthurx.org/SongText TextBBB.html
2002.05.15 11:26 B H:\ArthurX_4May2002_Thescars.com\www.arthurx.org\SongText\TextBored.html --> www.thescars.com /www.arthurx.org/SongText TextBored.html
2002.05.15 11:27 B H:\ArthurX_4May2002_Thescars.com\www.arthurx.org\SongText\TextDeeplyDepressed.html --> www.thescars.com /www.arthurx.org/SongText TextDeeplyDepressed.html
2002.05.15 11:27 B H:\ArthurX_4May2002_Thescars.com\www.arthurx.org\SongText\TextDoctorFish.html --> www.thescars.com /www.arthurx.org/SongText TextDoctorFish.html
2002.05.15 11:27 B H:\ArthurX_4May2002_Thescars.com\www.arthurx.org\SongText\TextFlowerPicking.html --> www.thescars.com /www.arthurx.org/SongText TextFlowerPicking.html
2002.05.15 11:27 B H:\ArthurX_4May2002_Thescars.com\www.arthurx.org\SongText\TextGEtNo.html --> www.thescars.com /www.arthurx.org/SongText TextGEtNo.html
2002.05.15 11:27 B H:\ArthurX_4May2002_Thescars.com\www.arthurx.org\SongText\TextHooga.html --> www.thescars.com /www.arthurx.org/SongText TextHooga.html
2002.05.15 11:27 B H:\ArthurX_4May2002_Thescars.com\www.arthurx.org\SongText\TextIcyBroke.html --> www.thescars.com /www.arthurx.org/SongText TextIcyBroke.html
2002.05.15 11:27 B H:\ArthurX_4May2002_Thescars.com\www.arthurx.org\SongText\TextIdealAd.html --> www.thescars.com /www.arthurx.org/SongText TextIdealAd.html
2002.05.15 11:27 B H:\ArthurX_4May2002_Thescars.com\www.arthurx.org\SongText\TextLateAtNight.html --> www.thescars.com /www.arthurx.org/SongText TextLateAtNight.html
2002.05.15 11:27 B H:\ArthurX_4May2002_Thescars.com\www.arthurx.org\SongText\TextLostControl.html --> www.thescars.com /www.arthurx.org/SongText TextLostControl.html
2002.05.15 11:27 B H:\ArthurX_4May2002_Thescars.com\www.arthurx.org\SongText\TextMoonLight.html --> www.thescars.com /www.arthurx.org/SongText TextMoonLight.html
2002.05.15 11:27 B H:\ArthurX_4May2002_Thescars.com\www.arthurx.org\SongText\TextMotherQueen.html --> www.thescars.com /www.arthurx.org/SongText TextMotherQueen.html
2002.05.15 11:27 B H:\ArthurX_4May2002_Thescars.com\www.arthurx.org\SongText\TextMountaVista.html --> www.thescars.com /www.arthurx.org/SongText TextMountaVista.html
2002.05.15 11:27 B H:\ArthurX_4May2002_Thescars.com\www.arthurx.org\SongText\TextParisAtNight.html --> www.thescars.com /www.arthurx.org/SongText TextParisAtNight.html
2002.05.15 11:27 B H:\ArthurX_4May2002_Thescars.com\www.arthurx.org\SongText\TextPitifull.html --> www.thescars.com /www.arthurx.org/SongText TextPitifull.html
2002.05.15 11:27 B H:\ArthurX_4May2002_Thescars.com\www.arthurx.org\SongText\TextRude.html --> www.thescars.com /www.arthurx.org/SongText TextRude.html
2002.05.15 11:27 B H:\ArthurX_4May2002_Thescars.com\www.arthurx.org\SongText\TextTalkingToYou.html --> www.thescars.com /www.arthurx.org/SongText TextTalkingToYou.html
2002.05.15 11:27 B H:\ArthurX_4May2002_Thescars.com\www.arthurx.org\SongText\TextThirteen.html --> www.thescars.com /www.arthurx.org/SongText TextThirteen.html
2002.05.15 11:27 B H:\ArthurX_4May2002_Thescars.com\www.arthurx.org\SongText\TextTrain.html --> www.thescars.com /www.arthurx.org/SongText TextTrain.html
2002.05.15 11:27 B H:\ArthurX_4May2002_Thescars.com\www.arthurx.org\SongText\TextVikings.html --> www.thescars.com /www.arthurx.org/SongText TextVikings.html
2002.05.15 11:27 B H:\ArthurX_4May2002_Thescars.com\www.arthurx.org\SongText\TextWaitingFar.html --> www.thescars.com /www.arthurx.org/SongText TextWaitingFar.html
2002.05.15 11:27 B H:\ArthurX_4May2002_Thescars.com\www.arthurx.org\SongText\TextWeWantMore.html --> www.thescars.com /www.arthurx.org/SongText TextWeWantMore.html
2002.05.15 11:27 B H:\ArthurX_4May2002_Thescars.com\www.arthurx.org\SongText\TopMonitor.swf --> www.thescars.com /www.arthurx.org/SongText TopMonitor.swf
