2001.01.28 18:13 B H:\Bizland\Architecture\CastelloDiArthuro\AboveTheBridgeTitle.gif --> ftp.bizland.com /Architecture/CastelloDiArthuro AboveTheBridgeTitle.gif
2001.01.28 18:13 B H:\Bizland\Architecture\CastelloDiArthuro\Arc_Color.gif --> ftp.bizland.com /Architecture/CastelloDiArthuro Arc_Color.gif
2001.01.28 18:13 B H:\Bizland\Architecture\CastelloDiArthuro\ArchitectureEmail.html --> ftp.bizland.com /Architecture/CastelloDiArthuro ArchitectureEmail.html
2001.01.28 18:13 B H:\Bizland\Architecture\CastelloDiArthuro\ArchitectureEmailEbelSchepers.html --> ftp.bizland.com /Architecture/CastelloDiArthuro ArchitectureEmailEbelSchepers.html
2001.01.28 18:13 B H:\Bizland\Architecture\CastelloDiArthuro\ArchitectureEmailEditbijleveldt.html --> ftp.bizland.com /Architecture/CastelloDiArthuro ArchitectureEmailEditbijleveldt.html
2001.01.28 18:13 B H:\Bizland\Architecture\CastelloDiArthuro\ArchitectureEmailGerbenDeNeef.html --> ftp.bizland.com /Architecture/CastelloDiArthuro ArchitectureEmailGerbenDeNeef.html
2001.01.28 18:13 B H:\Bizland\Architecture\CastelloDiArthuro\ArchitectureEmailKoffeman.html --> ftp.bizland.com /Architecture/CastelloDiArthuro ArchitectureEmailKoffeman.html
2001.01.28 18:14 B H:\Bizland\Architecture\CastelloDiArthuro\ArchitectureEmailLeytenhtml.html --> ftp.bizland.com /Architecture/CastelloDiArthuro ArchitectureEmailLeytenhtml.html
2001.01.28 18:14 B H:\Bizland\Architecture\CastelloDiArthuro\ArchitectureEmailRobertBlom.html --> ftp.bizland.com /Architecture/CastelloDiArthuro ArchitectureEmailRobertBlom.html
2001.01.28 18:14 B H:\Bizland\Architecture\CastelloDiArthuro\ArchitectureEmailWethouderGrashoff.html --> ftp.bizland.com /Architecture/CastelloDiArthuro ArchitectureEmailWethouderGrashoff.html
2001.01.28 18:14 B H:\Bizland\Architecture\CastelloDiArthuro\castello-CanalFrontBlackSmall.jpg --> ftp.bizland.com /Architecture/CastelloDiArthuro castello-CanalFrontBlackSmall.jpg
2001.01.28 18:14 B H:\Bizland\Architecture\CastelloDiArthuro\castello-Helix2BlackSmall.jpg --> ftp.bizland.com /Architecture/CastelloDiArthuro castello-Helix2BlackSmall.jpg
2001.01.28 18:14 B H:\Bizland\Architecture\CastelloDiArthuro\castello-Helix4BlackSmall.jpg --> ftp.bizland.com /Architecture/CastelloDiArthuro castello-Helix4BlackSmall.jpg
2001.01.28 18:14 B H:\Bizland\Architecture\CastelloDiArthuro\castello-top-4000Small.jpg --> ftp.bizland.com /Architecture/CastelloDiArthuro castello-top-4000Small.jpg
2001.01.28 18:14 B H:\Bizland\Architecture\CastelloDiArthuro\CastelloCalc.html --> ftp.bizland.com /Architecture/CastelloDiArthuro CastelloCalc.html
2001.01.28 18:14 B H:\Bizland\Architecture\CastelloDiArthuro\CastelloDiArthuro.html --> ftp.bizland.com /Architecture/CastelloDiArthuro CastelloDiArthuro.html
2001.01.28 18:14 B H:\Bizland\Architecture\CastelloDiArthuro\CastelloTitle.gif --> ftp.bizland.com /Architecture/CastelloDiArthuro CastelloTitle.gif
2001.01.28 18:15 B H:\Bizland\Architecture\CastelloDiArthuro\geluidscontour600x450.gif --> ftp.bizland.com /Architecture/CastelloDiArthuro geluidscontour600x450.gif
2001.01.28 18:15 B H:\Bizland\Architecture\CastelloDiArthuro\InlandHigh.gif --> ftp.bizland.com /Architecture/CastelloDiArthuro InlandHigh.gif
2001.01.28 18:15 B H:\Bizland\Architecture\CastelloDiArthuro\KaartStadsKleurA+B600.jpg --> ftp.bizland.com /Architecture/CastelloDiArthuro KaartStadsKleurA+B600.jpg
2001.01.28 18:15 B H:\Bizland\Architecture\CastelloDiArthuro\spacer600time2.gif --> ftp.bizland.com /Architecture/CastelloDiArthuro spacer600time2.gif
2001.01.28 18:15 B H:\Bizland\Architecture\CastelloDiArthuro\The mainshape is a castle with four round towers at the corners.htm --> ftp.bizland.com /Architecture/CastelloDiArthuro The mainshape is a castle with four round towers at the corners.htm
2001.01.28 18:15 B H:\Bizland\Architecture\CastelloDiArthuro\TitleArchitecture.gif --> ftp.bizland.com /Architecture/CastelloDiArthuro TitleArchitecture.gif
2001.01.28 18:15 B H:\Bizland\Architecture\CastelloDiArthuro\TopView.gif --> ftp.bizland.com /Architecture/CastelloDiArthuro TopView.gif
2001.01.28 18:15 B H:\Bizland\Architecture\CastelloDiArthuro\towerTowerSky.jpg --> ftp.bizland.com /Architecture/CastelloDiArthuro towerTowerSky.jpg
2001.01.28 18:16 B H:\Bizland\Architecture\CastelloDiArthuro\twee..gif --> ftp.bizland.com /Architecture/CastelloDiArthuro twee..gif
2001.01.28 18:16 B H:\Bizland\Architecture\CastelloDiArthuro\VoortgangCastellodArtrhuro.html --> ftp.bizland.com /Architecture/CastelloDiArthuro VoortgangCastellodArtrhuro.html
2001.02.02 22:09 B H:\Bizland\Architecture\CastelloDiArthuro\02022001CloseFromback.jpg --> ftp.bizland.com /Architecture/CastelloDiArthuro 02022001CloseFromback.jpg
2001.02.02 22:09 B H:\Bizland\Architecture\CastelloDiArthuro\02022001WideFromback.jpg --> ftp.bizland.com /Architecture/CastelloDiArthuro 02022001WideFromback.jpg
2001.02.02 22:09 B H:\Bizland\Architecture\CastelloDiArthuro\02022001WideFront.jpg --> ftp.bizland.com /Architecture/CastelloDiArthuro 02022001WideFront.jpg
2001.02.02 22:09 B H:\Bizland\Architecture\CastelloDiArthuro\02022001WideTop.jpg --> ftp.bizland.com /Architecture/CastelloDiArthuro 02022001WideTop.jpg
2001.02.02 22:10 B H:\Bizland\Architecture\CastelloDiArthuro\CastelloDiArthuro.html --> ftp.bizland.com /Architecture/CastelloDiArthuro CastelloDiArthuro.html
2001.02.05 15:18 B H:\Bizland\Architecture\CastelloDiArthuro\05022001WideFrontOffice.jpg --> ftp.bizland.com /Architecture/CastelloDiArthuro 05022001WideFrontOffice.jpg
2001.02.05 15:20 B H:\Bizland\Architecture\CastelloDiArthuro\HenkOostmeijer.html --> ftp.bizland.com /Architecture/CastelloDiArthuro HenkOostmeijer.html
2001.03.04 14:54 B H:\Bizland\Architecture\CastelloDiArthuro\CastelloDiArthuro.html --> ftp.bizland.com /Architecture/CastelloDiArthuro CastelloDiArthuro.html
2002.05.15 11:34 B H:\ArthurX_4May2002_Thescars.com\www.arthurx.org\Architecture\CastelloDiArthuro\02022001CloseFromback.jpg --> www.thescars.com /www.arthurx.org/Architecture/CastelloDiArthuro 02022001CloseFromback.jpg
2002.05.15 11:34 B H:\ArthurX_4May2002_Thescars.com\www.arthurx.org\Architecture\CastelloDiArthuro\02022001WideFromback.jpg --> www.thescars.com /www.arthurx.org/Architecture/CastelloDiArthuro 02022001WideFromback.jpg
2002.05.15 11:34 B H:\ArthurX_4May2002_Thescars.com\www.arthurx.org\Architecture\CastelloDiArthuro\02022001WideFront.jpg --> www.thescars.com /www.arthurx.org/Architecture/CastelloDiArthuro 02022001WideFront.jpg
2002.05.15 11:34 B H:\ArthurX_4May2002_Thescars.com\www.arthurx.org\Architecture\CastelloDiArthuro\02022001WideTop.jpg --> www.thescars.com /www.arthurx.org/Architecture/CastelloDiArthuro 02022001WideTop.jpg
2002.05.15 11:34 B H:\ArthurX_4May2002_Thescars.com\www.arthurx.org\Architecture\CastelloDiArthuro\05022001WideFrontOffice.jpg --> www.thescars.com /www.arthurx.org/Architecture/CastelloDiArthuro 05022001WideFrontOffice.jpg
2002.05.15 11:34 B H:\ArthurX_4May2002_Thescars.com\www.arthurx.org\Architecture\CastelloDiArthuro\AboveTheBridgeTitle.gif --> www.thescars.com /www.arthurx.org/Architecture/CastelloDiArthuro AboveTheBridgeTitle.gif
2002.05.15 11:34 B H:\ArthurX_4May2002_Thescars.com\www.arthurx.org\Architecture\CastelloDiArthuro\Arc_Color.gif --> www.thescars.com /www.arthurx.org/Architecture/CastelloDiArthuro Arc_Color.gif
2002.05.15 11:34 B H:\ArthurX_4May2002_Thescars.com\www.arthurx.org\Architecture\CastelloDiArthuro\ArchitectureEmail.html --> www.thescars.com /www.arthurx.org/Architecture/CastelloDiArthuro ArchitectureEmail.html
2002.05.15 11:34 B H:\ArthurX_4May2002_Thescars.com\www.arthurx.org\Architecture\CastelloDiArthuro\ArchitectureEmailEbelSchepers.html --> www.thescars.com /www.arthurx.org/Architecture/CastelloDiArthuro ArchitectureEmailEbelSchepers.html
2002.05.15 11:34 B H:\ArthurX_4May2002_Thescars.com\www.arthurx.org\Architecture\CastelloDiArthuro\ArchitectureEmailEditbijleveldt.html --> www.thescars.com /www.arthurx.org/Architecture/CastelloDiArthuro ArchitectureEmailEditbijleveldt.html
2002.05.15 11:34 B H:\ArthurX_4May2002_Thescars.com\www.arthurx.org\Architecture\CastelloDiArthuro\ArchitectureEmailGerbenDeNeef.html --> www.thescars.com /www.arthurx.org/Architecture/CastelloDiArthuro ArchitectureEmailGerbenDeNeef.html
2002.05.15 11:34 B H:\ArthurX_4May2002_Thescars.com\www.arthurx.org\Architecture\CastelloDiArthuro\ArchitectureEmailKoffeman.html --> www.thescars.com /www.arthurx.org/Architecture/CastelloDiArthuro ArchitectureEmailKoffeman.html
2002.05.15 11:34 B H:\ArthurX_4May2002_Thescars.com\www.arthurx.org\Architecture\CastelloDiArthuro\ArchitectureEmailLeytenhtml.html --> www.thescars.com /www.arthurx.org/Architecture/CastelloDiArthuro ArchitectureEmailLeytenhtml.html
2002.05.15 11:34 B H:\ArthurX_4May2002_Thescars.com\www.arthurx.org\Architecture\CastelloDiArthuro\ArchitectureEmailRobertBlom.html --> www.thescars.com /www.arthurx.org/Architecture/CastelloDiArthuro ArchitectureEmailRobertBlom.html
2002.05.15 11:34 B H:\ArthurX_4May2002_Thescars.com\www.arthurx.org\Architecture\CastelloDiArthuro\ArchitectureEmailWethouderGrashoff.html --> www.thescars.com /www.arthurx.org/Architecture/CastelloDiArthuro ArchitectureEmailWethouderGrashoff.html
2002.05.15 11:34 B H:\ArthurX_4May2002_Thescars.com\www.arthurx.org\Architecture\CastelloDiArthuro\castello-CanalFrontBlackSmall.jpg --> www.thescars.com /www.arthurx.org/Architecture/CastelloDiArthuro castello-CanalFrontBlackSmall.jpg
2002.05.15 11:34 B H:\ArthurX_4May2002_Thescars.com\www.arthurx.org\Architecture\CastelloDiArthuro\castello-Helix2BlackSmall.jpg --> www.thescars.com /www.arthurx.org/Architecture/CastelloDiArthuro castello-Helix2BlackSmall.jpg
2002.05.15 11:34 B H:\ArthurX_4May2002_Thescars.com\www.arthurx.org\Architecture\CastelloDiArthuro\castello-Helix4BlackSmall.jpg --> www.thescars.com /www.arthurx.org/Architecture/CastelloDiArthuro castello-Helix4BlackSmall.jpg
2002.05.15 11:34 B H:\ArthurX_4May2002_Thescars.com\www.arthurx.org\Architecture\CastelloDiArthuro\castello-top-4000Small.jpg --> www.thescars.com /www.arthurx.org/Architecture/CastelloDiArthuro castello-top-4000Small.jpg
2002.05.15 11:34 B H:\ArthurX_4May2002_Thescars.com\www.arthurx.org\Architecture\CastelloDiArthuro\CastelloCalc.html --> www.thescars.com /www.arthurx.org/Architecture/CastelloDiArthuro CastelloCalc.html
2002.05.15 11:34 B H:\ArthurX_4May2002_Thescars.com\www.arthurx.org\Architecture\CastelloDiArthuro\CastelloDiArthuro.html --> www.thescars.com /www.arthurx.org/Architecture/CastelloDiArthuro CastelloDiArthuro.html
2002.05.15 11:34 B H:\ArthurX_4May2002_Thescars.com\www.arthurx.org\Architecture\CastelloDiArthuro\CastelloTitle.gif --> www.thescars.com /www.arthurx.org/Architecture/CastelloDiArthuro CastelloTitle.gif
2002.05.15 11:34 B H:\ArthurX_4May2002_Thescars.com\www.arthurx.org\Architecture\CastelloDiArthuro\geluidscontour600x450.gif --> www.thescars.com /www.arthurx.org/Architecture/CastelloDiArthuro geluidscontour600x450.gif
2002.05.15 11:35 B H:\ArthurX_4May2002_Thescars.com\www.arthurx.org\Architecture\CastelloDiArthuro\HenkOostmeijer.html --> www.thescars.com /www.arthurx.org/Architecture/CastelloDiArthuro HenkOostmeijer.html
2002.05.15 11:35 B H:\ArthurX_4May2002_Thescars.com\www.arthurx.org\Architecture\CastelloDiArthuro\InlandHigh.gif --> www.thescars.com /www.arthurx.org/Architecture/CastelloDiArthuro InlandHigh.gif
2002.05.15 11:35 B H:\ArthurX_4May2002_Thescars.com\www.arthurx.org\Architecture\CastelloDiArthuro\KaartStadsKleurA+B600.jpg --> www.thescars.com /www.arthurx.org/Architecture/CastelloDiArthuro KaartStadsKleurA+B600.jpg
2002.05.15 11:35 B H:\ArthurX_4May2002_Thescars.com\www.arthurx.org\Architecture\CastelloDiArthuro\RuweKosten.html --> www.thescars.com /www.arthurx.org/Architecture/CastelloDiArthuro RuweKosten.html
2002.05.15 11:35 B H:\ArthurX_4May2002_Thescars.com\www.arthurx.org\Architecture\CastelloDiArthuro\spacer600time2.gif --> www.thescars.com /www.arthurx.org/Architecture/CastelloDiArthuro spacer600time2.gif
2002.05.15 11:35 B H:\ArthurX_4May2002_Thescars.com\www.arthurx.org\Architecture\CastelloDiArthuro\The mainshape is a castle with four round towers at the ~473.htm --> www.thescars.com /www.arthurx.org/Architecture/CastelloDiArthuro The mainshape is a castle with four round towers at the ~473.htm
2002.05.15 11:35 B H:\ArthurX_4May2002_Thescars.com\www.arthurx.org\Architecture\CastelloDiArthuro\TitleArchitecture.gif --> www.thescars.com /www.arthurx.org/Architecture/CastelloDiArthuro TitleArchitecture.gif
2002.05.15 11:35 B H:\ArthurX_4May2002_Thescars.com\www.arthurx.org\Architecture\CastelloDiArthuro\TopView.gif --> www.thescars.com /www.arthurx.org/Architecture/CastelloDiArthuro TopView.gif
2002.05.15 11:35 B H:\ArthurX_4May2002_Thescars.com\www.arthurx.org\Architecture\CastelloDiArthuro\towerTowerSky.jpg --> www.thescars.com /www.arthurx.org/Architecture/CastelloDiArthuro towerTowerSky.jpg
2002.05.15 11:35 B H:\ArthurX_4May2002_Thescars.com\www.arthurx.org\Architecture\CastelloDiArthuro\twee..gif --> www.thescars.com /www.arthurx.org/Architecture/CastelloDiArthuro twee..gif
2002.05.15 11:35 B H:\ArthurX_4May2002_Thescars.com\www.arthurx.org\Architecture\CastelloDiArthuro\VoortgangCastellodArtrhuro.html --> www.thescars.com /www.arthurx.org/Architecture/CastelloDiArthuro VoortgangCastellodArtrhuro.html
2002.05.15 11:35 B H:\ArthurX_4May2002_Thescars.com\www.arthurx.org\Architecture\CastelloDiArthuro\WS_FTP.LOG --> www.thescars.com /www.arthurx.org/Architecture/CastelloDiArthuro WS_FTP.LOG
