2000.12.10 19:45 B H:\Bizland\Paintings\OurPrinter\OurPrinter.html --> ftp.bizland.com /Paintings/OurPrinter OurPrinter.html
2001.01.28 21:23 B H:\Bizland\Paintings\OurPrinter\Art.jpg --> ftp.bizland.com /Paintings/OurPrinter Art.jpg
2001.01.28 21:23 B H:\Bizland\Paintings\OurPrinter\AtYourOffice.gif --> ftp.bizland.com /Paintings/OurPrinter AtYourOffice.gif
2001.01.28 21:23 B H:\Bizland\Paintings\OurPrinter\Bas.jpg --> ftp.bizland.com /Paintings/OurPrinter Bas.jpg
2001.01.28 21:23 B H:\Bizland\Paintings\OurPrinter\DanieTitle.gif --> ftp.bizland.com /Paintings/OurPrinter DanieTitle.gif
2001.01.28 21:24 B H:\Bizland\Paintings\OurPrinter\DryStack.jpg --> ftp.bizland.com /Paintings/OurPrinter DryStack.jpg
2001.01.28 21:24 B H:\Bizland\Paintings\OurPrinter\GreenScreen.jpg --> ftp.bizland.com /Paintings/OurPrinter GreenScreen.jpg
2001.01.28 21:24 B H:\Bizland\Paintings\OurPrinter\Kelly.jpg --> ftp.bizland.com /Paintings/OurPrinter Kelly.jpg
2001.01.28 21:24 B H:\Bizland\Paintings\OurPrinter\Kelly2.jpg --> ftp.bizland.com /Paintings/OurPrinter Kelly2.jpg
2001.01.28 21:24 B H:\Bizland\Paintings\OurPrinter\Marketing.gif --> ftp.bizland.com /Paintings/OurPrinter Marketing.gif
2001.01.28 21:24 B H:\Bizland\Paintings\OurPrinter\OurArtist.gif --> ftp.bizland.com /Paintings/OurPrinter OurArtist.gif
2001.01.28 21:25 B H:\Bizland\Paintings\OurPrinter\OurPrinter.gif --> ftp.bizland.com /Paintings/OurPrinter OurPrinter.gif
2001.01.28 21:25 B H:\Bizland\Paintings\OurPrinter\OurPrinter.html --> ftp.bizland.com /Paintings/OurPrinter OurPrinter.html
2001.01.28 21:25 B H:\Bizland\Paintings\OurPrinter\OurPrinter2.html --> ftp.bizland.com /Paintings/OurPrinter OurPrinter2.html
2001.01.28 21:25 B H:\Bizland\Paintings\OurPrinter\OurPrinterEx.html --> ftp.bizland.com /Paintings/OurPrinter OurPrinterEx.html
2001.01.28 21:25 B H:\Bizland\Paintings\OurPrinter\Process.gif --> ftp.bizland.com /Paintings/OurPrinter Process.gif
2001.01.28 21:25 B H:\Bizland\Paintings\OurPrinter\RedScreen.jpg --> ftp.bizland.com /Paintings/OurPrinter RedScreen.jpg
2001.01.28 21:25 B H:\Bizland\Paintings\OurPrinter\SamCam.jpg --> ftp.bizland.com /Paintings/OurPrinter SamCam.jpg
2001.01.28 21:25 B H:\Bizland\Paintings\OurPrinter\SelfCam.jpg --> ftp.bizland.com /Paintings/OurPrinter SelfCam.jpg
2001.01.28 21:25 B H:\Bizland\Paintings\OurPrinter\WS_FTP.LOG --> ftp.bizland.com /Paintings/OurPrinter WS_FTP.LOG
