2001.03.04 15:40 B H:\Bizland\Paintings\Paintings_Seperate\20YearsAfter.jpg --> ftp.bizland.com /Paintings_Seperate 20YearsAfter.jpg
2001.03.04 15:40 B H:\Bizland\Paintings\Paintings_Seperate\FishWifeJoke.jpg --> ftp.bizland.com /Paintings_Seperate FishWifeJoke.jpg
2001.03.04 15:40 B H:\Bizland\Paintings\Paintings_Seperate\HelloIsItMeYourLooking.jpg --> ftp.bizland.com /Paintings_Seperate HelloIsItMeYourLooking.jpg
2001.03.04 15:40 B H:\Bizland\Paintings\Paintings_Seperate\HoldingMySon.jpg --> ftp.bizland.com /Paintings_Seperate HoldingMySon.jpg
2001.03.04 15:41 B H:\Bizland\Paintings\Paintings_Seperate\ISayPeePeeYeah.jpg --> ftp.bizland.com /Paintings_Seperate ISayPeePeeYeah.jpg
2001.03.04 15:41 B H:\Bizland\Paintings\Paintings_Seperate\JumpingWoman.jpg --> ftp.bizland.com /Paintings_Seperate JumpingWoman.jpg
2001.03.04 15:41 B H:\Bizland\Paintings\Paintings_Seperate\LittleGirlRobotTear.jpg --> ftp.bizland.com /Paintings_Seperate LittleGirlRobotTear.jpg
2001.03.04 15:41 B H:\Bizland\Paintings\Paintings_Seperate\ManWithAFlute.jpg --> ftp.bizland.com /Paintings_Seperate ManWithAFlute.jpg
2001.03.04 15:41 B H:\Bizland\Paintings\Paintings_Seperate\MondriaanFace.jpg --> ftp.bizland.com /Paintings_Seperate MondriaanFace.jpg
2001.03.04 15:41 B H:\Bizland\Paintings\Paintings_Seperate\MotherQueen.jpg --> ftp.bizland.com /Paintings_Seperate MotherQueen.jpg
2001.03.04 15:42 B H:\Bizland\Paintings\Paintings_Seperate\MyFatherShowing.jpg --> ftp.bizland.com /Paintings_Seperate MyFatherShowing.jpg
2001.03.04 15:42 B H:\Bizland\Paintings\Paintings_Seperate\mywifeseduces.jpg --> ftp.bizland.com /Paintings_Seperate mywifeseduces.jpg
2001.03.04 15:42 B H:\Bizland\Paintings\Paintings_Seperate\Paintings_Seperate.html --> ftp.bizland.com /Paintings_Seperate Paintings_Seperate.html
2001.03.04 15:42 B H:\Bizland\Paintings\Paintings_Seperate\SamBeach99.jpg --> ftp.bizland.com /Paintings_Seperate SamBeach99.jpg
2001.03.04 15:42 B H:\Bizland\Paintings\Paintings_Seperate\SELFPORTRAIT.jpg --> ftp.bizland.com /Paintings_Seperate SELFPORTRAIT.jpg
2001.03.04 15:42 B H:\Bizland\Paintings\Paintings_Seperate\TeethOfHeaven.jpg --> ftp.bizland.com /Paintings_Seperate TeethOfHeaven.jpg
2001.03.04 15:43 B H:\Bizland\Paintings\Paintings_Seperate\TherBullThrowingHisMother.jpg --> ftp.bizland.com /Paintings_Seperate TherBullThrowingHisMother.jpg
2001.03.04 15:43 B H:\Bizland\Paintings\Paintings_Seperate\ValerieDillon.jpg --> ftp.bizland.com /Paintings_Seperate ValerieDillon.jpg
2001.03.04 15:43 B H:\Bizland\Paintings\Paintings_Seperate\WoodheadBoy.jpg --> ftp.bizland.com /Paintings_Seperate WoodheadBoy.jpg
2001.03.04 15:43 B H:\Bizland\Paintings\Paintings_Seperate\yokeman.jpg --> ftp.bizland.com /Paintings_Seperate yokeman.jpg
