2001.02.27 23:07 B H:\Bizland\Architecture\Tulp\09022001FrontFeet.jpg --> ftp.bizland.com /Architecture/Tulp 09022001FrontFeet.jpg
2001.02.27 23:08 B H:\Bizland\Architecture\Tulp\09022001FrontFeet2.jpg --> ftp.bizland.com /Architecture/Tulp 09022001FrontFeet2.jpg
2001.02.27 23:08 B H:\Bizland\Architecture\Tulp\09022001FrontTwist.jpg --> ftp.bizland.com /Architecture/Tulp 09022001FrontTwist.jpg
2001.02.27 23:08 B H:\Bizland\Architecture\Tulp\09022001Top.jpg --> ftp.bizland.com /Architecture/Tulp 09022001Top.jpg
2001.02.27 23:08 B H:\Bizland\Architecture\Tulp\12022001close.jpg --> ftp.bizland.com /Architecture/Tulp 12022001close.jpg
2001.02.27 23:08 B H:\Bizland\Architecture\Tulp\12022001Front.jpg --> ftp.bizland.com /Architecture/Tulp 12022001Front.jpg
2001.02.27 23:08 B H:\Bizland\Architecture\Tulp\12022001FrontYellow2.jpg --> ftp.bizland.com /Architecture/Tulp 12022001FrontYellow2.jpg
2001.02.27 23:08 B H:\Bizland\Architecture\Tulp\FirstAtriumFloor.jpg --> ftp.bizland.com /Architecture/Tulp FirstAtriumFloor.jpg
2001.02.27 23:09 B H:\Bizland\Architecture\Tulp\Firstcolor.jpg --> ftp.bizland.com /Architecture/Tulp Firstcolor.jpg
2001.02.27 23:09 B H:\Bizland\Architecture\Tulp\FirstLeft.jpg --> ftp.bizland.com /Architecture/Tulp FirstLeft.jpg
2001.02.27 23:09 B H:\Bizland\Architecture\Tulp\spacer600time2.gif --> ftp.bizland.com /Architecture/Tulp spacer600time2.gif
2001.02.27 23:09 B H:\Bizland\Architecture\Tulp\TitleArchitecture.gif --> ftp.bizland.com /Architecture/Tulp TitleArchitecture.gif
2001.02.27 23:09 B H:\Bizland\Architecture\Tulp\Tulp.html --> ftp.bizland.com /Architecture/Tulp Tulp.html
2001.02.27 23:09 B H:\Bizland\Architecture\Tulp\TulpFrontCloseAtriums.jpg --> ftp.bizland.com /Architecture/Tulp TulpFrontCloseAtriums.jpg
2001.02.27 23:09 B H:\Bizland\Architecture\Tulp\TulpFrontTwist.jpg --> ftp.bizland.com /Architecture/Tulp TulpFrontTwist.jpg
2001.02.27 23:09 B H:\Bizland\Architecture\Tulp\TulpHeadUser.jpg --> ftp.bizland.com /Architecture/Tulp TulpHeadUser.jpg
2001.02.27 23:10 B H:\Bizland\Architecture\Tulp\TulpUitAmsterdam.html --> ftp.bizland.com /Architecture/Tulp TulpUitAmsterdam.html
2001.03.04 14:53 B H:\Bizland\Architecture\Tulp\Tulp.html --> ftp.bizland.com /Architecture/Tulp Tulp.html
2001.09.11 14:23 B H:\50Megs22march2001Website\Architecture\Tulp\ArchedCeilings.gif --> www.thescars.com /Architecture/Tulp ArchedCeilings.gif
2001.09.11 14:24 B H:\50Megs22march2001Website\Architecture\Tulp\birdsEye.gif --> www.thescars.com /Architecture/Tulp birdsEye.gif
2001.09.11 14:24 B H:\50Megs22march2001Website\Architecture\Tulp\CloseupAtria.gif --> www.thescars.com /Architecture/Tulp CloseupAtria.gif
2001.09.11 14:24 B H:\50Megs22march2001Website\Architecture\Tulp\fiveAtria.gif --> www.thescars.com /Architecture/Tulp fiveAtria.gif
2001.09.11 14:24 B H:\50Megs22march2001Website\Architecture\Tulp\FlyOver.gif --> www.thescars.com /Architecture/Tulp FlyOver.gif
2001.09.11 14:24 B H:\50Megs22march2001Website\Architecture\Tulp\StemsOfSevenCooktins.gif --> www.thescars.com /Architecture/Tulp StemsOfSevenCooktins.gif
2001.09.11 14:24 B H:\50Megs22march2001Website\Architecture\Tulp\StemsReachGround.gif --> www.thescars.com /Architecture/Tulp StemsReachGround.gif
2001.09.11 14:25 B H:\50Megs22march2001Website\Architecture\Tulp\ThreeTulipOfficeTower.gif --> www.thescars.com /Architecture/Tulp ThreeTulipOfficeTower.gif
2001.09.11 14:25 B H:\50Megs22march2001Website\Architecture\Tulp\Top.gif --> www.thescars.com /Architecture/Tulp Top.gif
2001.09.11 14:25 B H:\50Megs22march2001Website\Architecture\Tulp\transformingPatterns.gif --> www.thescars.com /Architecture/Tulp transformingPatterns.gif
2001.09.11 14:25 B H:\50Megs22march2001Website\Architecture\Tulp\Tulp.html --> www.thescars.com /Architecture/Tulp Tulp.html
2001.09.11 14:25 B H:\50Megs22march2001Website\Architecture\Tulp\TulpUitAmsterdam.html --> www.thescars.com /Architecture/Tulp TulpUitAmsterdam.html
2001.09.17 22:03 B H:\50Megs22march2001Website\Architecture\Tulp\TulpFrontTwist.jpg --> www.thescars.com /Architecture/Tulp TulpFrontTwist.jpg
2001.09.17 22:07 B H:\50Megs22march2001Website\Architecture\Tulp\Tulp.html --> www.thescars.com /Architecture/Tulp Tulp.html
2002.05.15 11:36 B H:\ArthurX_4May2002_Thescars.com\www.arthurx.org\Architecture\Tulp\09022001FrontFeet+Text.psp --> www.thescars.com /www.arthurx.org/Architecture/Tulp 09022001FrontFeet+Text.psp
2002.05.15 11:36 B H:\ArthurX_4May2002_Thescars.com\www.arthurx.org\Architecture\Tulp\09022001FrontFeet.jpg --> www.thescars.com /www.arthurx.org/Architecture/Tulp 09022001FrontFeet.jpg
2002.05.15 11:36 B H:\ArthurX_4May2002_Thescars.com\www.arthurx.org\Architecture\Tulp\09022001FrontFeet2.jpg --> www.thescars.com /www.arthurx.org/Architecture/Tulp 09022001FrontFeet2.jpg
2002.05.15 11:36 B H:\ArthurX_4May2002_Thescars.com\www.arthurx.org\Architecture\Tulp\09022001FrontTwist.jpg --> www.thescars.com /www.arthurx.org/Architecture/Tulp 09022001FrontTwist.jpg
2002.05.15 11:36 B H:\ArthurX_4May2002_Thescars.com\www.arthurx.org\Architecture\Tulp\09022001Top.jpg --> www.thescars.com /www.arthurx.org/Architecture/Tulp 09022001Top.jpg
2002.05.15 11:36 B H:\ArthurX_4May2002_Thescars.com\www.arthurx.org\Architecture\Tulp\12022001close.jpg --> www.thescars.com /www.arthurx.org/Architecture/Tulp 12022001close.jpg
2002.05.15 11:36 B H:\ArthurX_4May2002_Thescars.com\www.arthurx.org\Architecture\Tulp\12022001Front.jpg --> www.thescars.com /www.arthurx.org/Architecture/Tulp 12022001Front.jpg
2002.05.15 11:36 B H:\ArthurX_4May2002_Thescars.com\www.arthurx.org\Architecture\Tulp\12022001FrontYellow2.jpg --> www.thescars.com /www.arthurx.org/Architecture/Tulp 12022001FrontYellow2.jpg
2002.05.15 11:37 B H:\ArthurX_4May2002_Thescars.com\www.arthurx.org\Architecture\Tulp\ArchedCeilings.gif --> www.thescars.com /www.arthurx.org/Architecture/Tulp ArchedCeilings.gif
2002.05.15 11:37 B H:\ArthurX_4May2002_Thescars.com\www.arthurx.org\Architecture\Tulp\ArchedCeilings.psp --> www.thescars.com /www.arthurx.org/Architecture/Tulp ArchedCeilings.psp
2002.05.15 11:37 B H:\ArthurX_4May2002_Thescars.com\www.arthurx.org\Architecture\Tulp\birdsEye.gif --> www.thescars.com /www.arthurx.org/Architecture/Tulp birdsEye.gif
2002.05.15 11:37 B H:\ArthurX_4May2002_Thescars.com\www.arthurx.org\Architecture\Tulp\birdsEye.psp --> www.thescars.com /www.arthurx.org/Architecture/Tulp birdsEye.psp
2002.05.15 11:37 B H:\ArthurX_4May2002_Thescars.com\www.arthurx.org\Architecture\Tulp\CloseupAtria.gif --> www.thescars.com /www.arthurx.org/Architecture/Tulp CloseupAtria.gif
2002.05.15 11:37 B H:\ArthurX_4May2002_Thescars.com\www.arthurx.org\Architecture\Tulp\CloseupAtria.psp --> www.thescars.com /www.arthurx.org/Architecture/Tulp CloseupAtria.psp
2002.05.15 11:37 B H:\ArthurX_4May2002_Thescars.com\www.arthurx.org\Architecture\Tulp\FirstAtriumFloor.jpg --> www.thescars.com /www.arthurx.org/Architecture/Tulp FirstAtriumFloor.jpg
2002.05.15 11:37 B H:\ArthurX_4May2002_Thescars.com\www.arthurx.org\Architecture\Tulp\Firstcolor.jpg --> www.thescars.com /www.arthurx.org/Architecture/Tulp Firstcolor.jpg
2002.05.15 11:37 B H:\ArthurX_4May2002_Thescars.com\www.arthurx.org\Architecture\Tulp\FirstLeft.jpg --> www.thescars.com /www.arthurx.org/Architecture/Tulp FirstLeft.jpg
2002.05.15 11:37 B H:\ArthurX_4May2002_Thescars.com\www.arthurx.org\Architecture\Tulp\fiveAtria.gif --> www.thescars.com /www.arthurx.org/Architecture/Tulp fiveAtria.gif
2002.05.15 11:37 B H:\ArthurX_4May2002_Thescars.com\www.arthurx.org\Architecture\Tulp\fiveAtria.psp --> www.thescars.com /www.arthurx.org/Architecture/Tulp fiveAtria.psp
2002.05.15 11:37 B H:\ArthurX_4May2002_Thescars.com\www.arthurx.org\Architecture\Tulp\FlyOver.gif --> www.thescars.com /www.arthurx.org/Architecture/Tulp FlyOver.gif
2002.05.15 11:37 B H:\ArthurX_4May2002_Thescars.com\www.arthurx.org\Architecture\Tulp\FlyOver.psp --> www.thescars.com /www.arthurx.org/Architecture/Tulp FlyOver.psp
2002.05.15 11:37 B H:\ArthurX_4May2002_Thescars.com\www.arthurx.org\Architecture\Tulp\spacer600time2.gif --> www.thescars.com /www.arthurx.org/Architecture/Tulp spacer600time2.gif
2002.05.15 11:37 B H:\ArthurX_4May2002_Thescars.com\www.arthurx.org\Architecture\Tulp\StemsOfSevenCooktins.gif --> www.thescars.com /www.arthurx.org/Architecture/Tulp StemsOfSevenCooktins.gif
2002.05.15 11:37 B H:\ArthurX_4May2002_Thescars.com\www.arthurx.org\Architecture\Tulp\StemsOfSevenCooktins.psp --> www.thescars.com /www.arthurx.org/Architecture/Tulp StemsOfSevenCooktins.psp
2002.05.15 11:37 B H:\ArthurX_4May2002_Thescars.com\www.arthurx.org\Architecture\Tulp\StemsReachGround.gif --> www.thescars.com /www.arthurx.org/Architecture/Tulp StemsReachGround.gif
2002.05.15 11:37 B H:\ArthurX_4May2002_Thescars.com\www.arthurx.org\Architecture\Tulp\StemsReachGround.psp --> www.thescars.com /www.arthurx.org/Architecture/Tulp StemsReachGround.psp
2002.05.15 11:37 B H:\ArthurX_4May2002_Thescars.com\www.arthurx.org\Architecture\Tulp\ThreeTulipOfficeTower.gif --> www.thescars.com /www.arthurx.org/Architecture/Tulp ThreeTulipOfficeTower.gif
2002.05.15 11:37 B H:\ArthurX_4May2002_Thescars.com\www.arthurx.org\Architecture\Tulp\ThreeTulipOfficeTower.psp --> www.thescars.com /www.arthurx.org/Architecture/Tulp ThreeTulipOfficeTower.psp
2002.05.15 11:37 B H:\ArthurX_4May2002_Thescars.com\www.arthurx.org\Architecture\Tulp\TitleArchitecture.gif --> www.thescars.com /www.arthurx.org/Architecture/Tulp TitleArchitecture.gif
2002.05.15 11:37 B H:\ArthurX_4May2002_Thescars.com\www.arthurx.org\Architecture\Tulp\Top.gif --> www.thescars.com /www.arthurx.org/Architecture/Tulp Top.gif
2002.05.15 11:37 B H:\ArthurX_4May2002_Thescars.com\www.arthurx.org\Architecture\Tulp\Top.psp --> www.thescars.com /www.arthurx.org/Architecture/Tulp Top.psp
2002.05.15 11:37 B H:\ArthurX_4May2002_Thescars.com\www.arthurx.org\Architecture\Tulp\transformingPatterns.gif --> www.thescars.com /www.arthurx.org/Architecture/Tulp transformingPatterns.gif
2002.05.15 11:37 B H:\ArthurX_4May2002_Thescars.com\www.arthurx.org\Architecture\Tulp\transformingPatterns.psp --> www.thescars.com /www.arthurx.org/Architecture/Tulp transformingPatterns.psp
2002.05.15 11:37 B H:\ArthurX_4May2002_Thescars.com\www.arthurx.org\Architecture\Tulp\Tulp.html --> www.thescars.com /www.arthurx.org/Architecture/Tulp Tulp.html
2002.05.15 11:38 B H:\ArthurX_4May2002_Thescars.com\www.arthurx.org\Architecture\Tulp\TulpFrontCloseAtriums.jpg --> www.thescars.com /www.arthurx.org/Architecture/Tulp TulpFrontCloseAtriums.jpg
2002.05.15 11:38 B H:\ArthurX_4May2002_Thescars.com\www.arthurx.org\Architecture\Tulp\TulpFrontTwist.jpg --> www.thescars.com /www.arthurx.org/Architecture/Tulp TulpFrontTwist.jpg
2002.05.15 11:38 B H:\ArthurX_4May2002_Thescars.com\www.arthurx.org\Architecture\Tulp\TulpFrontTwist.psp --> www.thescars.com /www.arthurx.org/Architecture/Tulp TulpFrontTwist.psp
2002.05.15 11:38 B H:\ArthurX_4May2002_Thescars.com\www.arthurx.org\Architecture\Tulp\TulpHeadUser.jpg --> www.thescars.com /www.arthurx.org/Architecture/Tulp TulpHeadUser.jpg
2002.05.15 11:38 B H:\ArthurX_4May2002_Thescars.com\www.arthurx.org\Architecture\Tulp\TulpUitAmsterdam.html --> www.thescars.com /www.arthurx.org/Architecture/Tulp TulpUitAmsterdam.html
2002.05.15 11:38 B H:\ArthurX_4May2002_Thescars.com\www.arthurx.org\Architecture\Tulp\WS_FTP.LOG --> www.thescars.com /www.arthurx.org/Architecture/Tulp WS_FTP.LOG
