2001.01.28 18:07 B H:\Bizland\Architecture\5WaterPoort\FreeFerry.gif --> ftp.bizland.com /Architecture/5WaterPoort FreeFerry.gif
2001.01.28 18:07 B H:\Bizland\Architecture\5WaterPoort\Front.gif --> ftp.bizland.com /Architecture/5WaterPoort Front.gif
2001.01.28 18:08 B H:\Bizland\Architecture\5WaterPoort\Kaart600X741.jpg --> ftp.bizland.com /Architecture/5WaterPoort Kaart600X741.jpg
2001.01.28 18:08 B H:\Bizland\Architecture\5WaterPoort\KaartGroot.gif --> ftp.bizland.com /Architecture/5WaterPoort KaartGroot.gif
2001.01.28 18:12 B H:\Bizland\Architecture\5WaterPoort\Left.gif --> ftp.bizland.com /Architecture/5WaterPoort Left.gif
2001.01.28 18:12 B H:\Bizland\Architecture\5WaterPoort\spacer600time2.gif --> ftp.bizland.com /Architecture/5WaterPoort spacer600time2.gif
2001.01.28 18:12 B H:\Bizland\Architecture\5WaterPoort\topview.gif --> ftp.bizland.com /Architecture/5WaterPoort topview.gif
2001.01.28 18:12 B H:\Bizland\Architecture\5WaterPoort\viewFromtheTopCentralstation.gif --> ftp.bizland.com /Architecture/5WaterPoort viewFromtheTopCentralstation.gif
2001.01.28 18:12 B H:\Bizland\Architecture\5WaterPoort\WaterPoortAdam.gif --> ftp.bizland.com /Architecture/5WaterPoort WaterPoortAdam.gif
2001.01.28 18:12 B H:\Bizland\Architecture\5WaterPoort\WaterPoortAdam.html --> ftp.bizland.com /Architecture/5WaterPoort WaterPoortAdam.html
2001.01.28 18:12 B H:\Bizland\Architecture\5WaterPoort\waterpoortFront.jpg --> ftp.bizland.com /Architecture/5WaterPoort waterpoortFront.jpg
2001.01.28 18:13 B H:\Bizland\Architecture\5WaterPoort\waterpoortLeft.jpg --> ftp.bizland.com /Architecture/5WaterPoort waterpoortLeft.jpg
2001.01.28 18:13 B H:\Bizland\Architecture\5WaterPoort\waterpoortSchuin.jpg --> ftp.bizland.com /Architecture/5WaterPoort waterpoortSchuin.jpg
2001.01.28 18:13 B H:\Bizland\Architecture\5WaterPoort\waterpoortTop.jpg --> ftp.bizland.com /Architecture/5WaterPoort waterpoortTop.jpg
2001.01.28 18:13 B H:\Bizland\Architecture\5WaterPoort\WS_FTP.LOG --> ftp.bizland.com /Architecture/5WaterPoort WS_FTP.LOG
2001.09.27 14:24 B H:\50Megs22march2001Website\Architecture\5WaterPoort\WaterPoortAdam.html --> www.thescars.com /Architecture/5WaterPoort WaterPoortAdam.html
2002.05.15 11:33 B H:\ArthurX_4May2002_Thescars.com\www.arthurx.org\Architecture\5WaterPoort\FreeFerry.gif --> www.thescars.com /www.arthurx.org/Architecture/5WaterPoort FreeFerry.gif
2002.05.15 11:33 B H:\ArthurX_4May2002_Thescars.com\www.arthurx.org\Architecture\5WaterPoort\Front.gif --> www.thescars.com /www.arthurx.org/Architecture/5WaterPoort Front.gif
2002.05.15 11:33 B H:\ArthurX_4May2002_Thescars.com\www.arthurx.org\Architecture\5WaterPoort\Kaart600X741.jpg --> www.thescars.com /www.arthurx.org/Architecture/5WaterPoort Kaart600X741.jpg
2002.05.15 11:33 B H:\ArthurX_4May2002_Thescars.com\www.arthurx.org\Architecture\5WaterPoort\Left.gif --> www.thescars.com /www.arthurx.org/Architecture/5WaterPoort Left.gif
2002.05.15 11:33 B H:\ArthurX_4May2002_Thescars.com\www.arthurx.org\Architecture\5WaterPoort\spacer600time2.gif --> www.thescars.com /www.arthurx.org/Architecture/5WaterPoort spacer600time2.gif
2002.05.15 11:33 B H:\ArthurX_4May2002_Thescars.com\www.arthurx.org\Architecture\5WaterPoort\topview.gif --> www.thescars.com /www.arthurx.org/Architecture/5WaterPoort topview.gif
2002.05.15 11:33 B H:\ArthurX_4May2002_Thescars.com\www.arthurx.org\Architecture\5WaterPoort\viewFromtheTopCentralstation.gif --> www.thescars.com /www.arthurx.org/Architecture/5WaterPoort viewFromtheTopCentralstation.gif
2002.05.15 11:33 B H:\ArthurX_4May2002_Thescars.com\www.arthurx.org\Architecture\5WaterPoort\WaterPoortAdam.gif --> www.thescars.com /www.arthurx.org/Architecture/5WaterPoort WaterPoortAdam.gif
2002.05.15 11:33 B H:\ArthurX_4May2002_Thescars.com\www.arthurx.org\Architecture\5WaterPoort\WaterPoortAdam.html --> www.thescars.com /www.arthurx.org/Architecture/5WaterPoort WaterPoortAdam.html
2002.05.15 11:33 B H:\ArthurX_4May2002_Thescars.com\www.arthurx.org\Architecture\5WaterPoort\waterpoortFront.jpg --> www.thescars.com /www.arthurx.org/Architecture/5WaterPoort waterpoortFront.jpg
2002.05.15 11:33 B H:\ArthurX_4May2002_Thescars.com\www.arthurx.org\Architecture\5WaterPoort\waterpoortLeft.jpg --> www.thescars.com /www.arthurx.org/Architecture/5WaterPoort waterpoortLeft.jpg
2002.05.15 11:34 B H:\ArthurX_4May2002_Thescars.com\www.arthurx.org\Architecture\5WaterPoort\waterpoortSchuin.jpg --> www.thescars.com /www.arthurx.org/Architecture/5WaterPoort waterpoortSchuin.jpg
2002.05.15 11:34 B H:\ArthurX_4May2002_Thescars.com\www.arthurx.org\Architecture\5WaterPoort\waterpoortTop.jpg --> www.thescars.com /www.arthurx.org/Architecture/5WaterPoort waterpoortTop.jpg
2002.05.15 11:34 B H:\ArthurX_4May2002_Thescars.com\www.arthurx.org\Architecture\5WaterPoort\WS_FTP.LOG --> www.thescars.com /www.arthurx.org/Architecture/5WaterPoort WS_FTP.LOG
